<?xml version="1.0" encoding="UTF-8"?>
<testng-results ignored="0" total="1" passed="1" failed="0" skipped="0">
  <reporter-output>
  </reporter-output>
  <suite started-at="2025-03-03T23:14:57 ICT" name="Default suite" finished-at="2025-03-03T23:15:00 ICT" duration-ms="3796">
    <groups>
    </groups>
    <test started-at="2025-03-03T23:14:57 ICT" name="Default test" finished-at="2025-03-03T23:15:00 ICT" duration-ms="3796">
      <class name="tests.HomePageTest">
        <test-method is-config="true" signature="beforeMethod(java.lang.String)[pri:0, instance:tests.HomePageTest@747ddf94]" started-at="2025-03-03T23:14:57 ICT" name="beforeMethod" finished-at="2025-03-03T23:14:58 ICT" duration-ms="1393" status="PASS">
          <params>
            <param index="0">
              <value>
                <![CDATA[chrome]]>
              </value>
            </param>
          </params>
          <reporter-output>
          </reporter-output>
        </test-method> <!-- beforeMethod -->
        <test-method signature="test001()[pri:0, instance:tests.HomePageTest@747ddf94]" started-at="2025-03-03T23:14:58 ICT" name="test001" finished-at="2025-03-03T23:15:00 ICT" duration-ms="2144" status="PASS">
          <reporter-output>
          </reporter-output>
        </test-method> <!-- test001 -->
        <test-method is-config="true" signature="afterMethod()[pri:0, instance:tests.HomePageTest@747ddf94]" started-at="2025-03-03T23:15:00 ICT" name="afterMethod" finished-at="2025-03-03T23:15:00 ICT" duration-ms="210" status="PASS">
          <reporter-output>
          </reporter-output>
        </test-method> <!-- afterMethod -->
      </class> <!-- tests.HomePageTest -->
    </test> <!-- Default test -->
  </suite> <!-- Default suite -->
</testng-results>
